Started GET "/" for 127.0.0.1 at 2018-02-09 19:26:08 +0100
Processing by ApplicationController#home as HTML
  Rendering application/home.html.erb within layouts/application
  Rendered shared/_navbar.html.erb (683.6ms)
  Rendered application/_banner.html.erb (0.8ms)
  Rendered application/_why.html.erb (2.9ms)
  Rendered application/_how.html.erb (5.9ms)
  Rendered application/_pricing.html.erb (4.8ms)
  Rendered application/_contact.html.erb (2.2ms)
  Rendered shared/_footer.html.erb (3.2ms)
  Rendered application/home.html.erb within layouts/application (740.0ms)
Completed 200 OK in 1614ms (Views: 951.7ms)


Started GET "/" for 127.0.0.1 at 2018-02-09 19:29:40 +0100
Processing by ApplicationController#home as HTML
  Rendering application/home.html.erb within layouts/application
  Rendered shared/_navbar.html.erb (5.1ms)
  Rendered application/_banner.html.erb (0.7ms)
  Rendered application/_why.html.erb (4.8ms)
  Rendered application/_how.html.erb (4.8ms)
  Rendered application/_pricing.html.erb (6.4ms)
  Rendered application/_contact.html.erb (3.4ms)
  Rendered shared/_footer.html.erb (4.8ms)
  Rendered application/home.html.erb within layouts/application (66.3ms)
Completed 200 OK in 3764ms (Views: 3758.9ms)


Started GET "/" for 127.0.0.1 at 2018-02-09 19:32:22 +0100
Processing by ApplicationController#home as HTML
  Rendering application/home.html.erb within layouts/application
  Rendered shared/_navbar.html.erb (3.4ms)
  Rendered application/_banner.html.erb (0.6ms)
  Rendered application/_why.html.erb (5.1ms)
  Rendered application/_how.html.erb (4.8ms)
  Rendered application/_pricing.html.erb (7.4ms)
  Rendered application/_contact.html.erb (3.6ms)
  Rendered shared/_footer.html.erb (4.9ms)
  Rendered application/home.html.erb within layouts/application (50.8ms)
Completed 200 OK in 3181ms (Views: 3175.0ms)


Started GET "/" for 127.0.0.1 at 2018-02-09 19:34:32 +0100
Processing by ApplicationController#home as HTML
  Rendering application/home.html.erb within layouts/application
  Rendered shared/_navbar.html.erb (3.4ms)
  Rendered application/_banner.html.erb (0.5ms)
  Rendered application/_why.html.erb (5.5ms)
  Rendered application/_how.html.erb (7.2ms)
  Rendered application/_pricing.html.erb (6.6ms)
  Rendered application/_contact.html.erb (2.6ms)
  Rendered shared/_footer.html.erb (5.2ms)
  Rendered application/home.html.erb within layouts/application (67.5ms)
Completed 200 OK in 3810ms (Views: 3802.7ms)


Started GET "/" for 127.0.0.1 at 2018-02-09 20:03:07 +0100
Processing by ApplicationController#home as HTML
  Rendering application/home.html.erb within layouts/application
  Rendered shared/_navbar.html.erb (3.9ms)
  Rendered application/_banner.html.erb (0.5ms)
  Rendered application/_why.html.erb (6.1ms)
  Rendered application/_how.html.erb (5.3ms)
  Rendered application/_pricing.html.erb (9.5ms)
  Rendered application/_contact.html.erb (3.0ms)
  Rendered shared/_footer.html.erb (7.2ms)
  Rendered application/home.html.erb within layouts/application (68.9ms)
Completed 200 OK in 3625ms (Views: 3618.3ms)


Started GET "/" for 127.0.0.1 at 2018-02-09 20:03:56 +0100
Processing by ApplicationController#home as HTML
  Rendering application/home.html.erb within layouts/application
  Rendered shared/_navbar.html.erb (2.9ms)
  Rendered application/_banner.html.erb (0.8ms)
  Rendered application/_why.html.erb (2.5ms)
  Rendered application/_how.html.erb (3.1ms)
  Rendered application/_pricing.html.erb (3.7ms)
  Rendered application/_contact.html.erb (2.6ms)
  Rendered shared/_footer.html.erb (2.7ms)
  Rendered application/home.html.erb within layouts/application (47.2ms)
Completed 200 OK in 3244ms (Views: 3238.5ms)


